Performing C SOURCE FILE Test CMAKE_HAVE_LIBC_PTHREAD failed with the following output:
Change Dir: C:/Users/Nour/Desktop/Travail/M1 DIGISPORT/Génie logiciel/TP2/observer/out/build/x64-Debug/CMakeFiles/CMakeTmp

Run Build Command(s):C:/Program Files/Microsoft Visual Studio/2022/Community/Common7/IDE/CommonExtensions/Microsoft/CMake/Ninja/ninja.exe cmTC_356af && [1/2] Building C object CMakeFiles\cmTC_356af.dir\src.c.obj
FAILED: CMakeFiles/cmTC_356af.dir/src.c.obj 
C:\PROGRA~1\MIB055~1\2022\COMMUN~1\VC\Tools\MSVC\1434~1.319\bin\Hostx64\x64\cl.exe  /nologo -DCMAKE_HAVE_LIBC_PTHREAD  /DWIN32 /D_WINDOWS  /Zi /Ob0 /Od /RTC1 -MDd /showIncludes /FoCMakeFiles\cmTC_356af.dir\src.c.obj /FdCMakeFiles\cmTC_356af.dir\ /FS -c "C:\Users\Nour\Desktop\Travail\M1 DIGISPORT\Génie logiciel\TP2\observer\out\build\x64-Debug\CMakeFiles\CMakeTmp\src.c"
C:\Users\Nour\Desktop\Travail\M1 DIGISPORT\Génie logiciel\TP2\observer\out\build\x64-Debug\CMakeFiles\CMakeTmp\src.c(1): fatal error C1083: Impossible d'ouvrir le fichier include : 'pthread.h' : No such file or directory
ninja: build stopped: subcommand failed.


Source file was:
#include <pthread.h>

static void* test_func(void* data)
{
  return data;
}

int main(void)
{
  pthread_t thread;
  pthread_create(&thread, NULL, test_func, NULL);
  pthread_detach(thread);
  pthread_cancel(thread);
  pthread_join(thread, NULL);
  pthread_atfork(NULL, NULL, NULL);
  pthread_exit(NULL);

  return 0;
}

Determining if the function pthread_create exists in the pthreads failed with the following output:
Change Dir: C:/Users/Nour/Desktop/Travail/M1 DIGISPORT/Génie logiciel/TP2/observer/out/build/x64-Debug/CMakeFiles/CMakeTmp

Run Build Command(s):C:/Program Files/Microsoft Visual Studio/2022/Community/Common7/IDE/CommonExtensions/Microsoft/CMake/Ninja/ninja.exe cmTC_b9ecf && [1/2] Building C object CMakeFiles\cmTC_b9ecf.dir\CheckFunctionExists.c.obj
[2/2] Linking C executable cmTC_b9ecf.exe
FAILED: cmTC_b9ecf.exe 
cmd.exe /C "cd . && "C:\Program Files\Microsoft Visual Studio\2022\Community\Common7\IDE\CommonExtensions\Microsoft\CMake\CMake\bin\cmake.exe" -E vs_link_exe --intdir=CMakeFiles\cmTC_b9ecf.dir --rc=C:\PROGRA~2\WI3CF2~1\10\bin\100220~1.0\x64\rc.exe --mt=C:\PROGRA~2\WI3CF2~1\10\bin\100220~1.0\x64\mt.exe --manifests  -- C:\PROGRA~1\MIB055~1\2022\COMMUN~1\VC\Tools\MSVC\1434~1.319\bin\Hostx64\x64\link.exe /nologo CMakeFiles\cmTC_b9ecf.dir\CheckFunctionExists.c.obj  /out:cmTC_b9ecf.exe /implib:cmTC_b9ecf.lib /pdb:cmTC_b9ecf.pdb /version:0.0 /machine:x64  /debug /INCREMENTAL /subsystem:console  pthreads.lib  kernel32.lib user32.lib gdi32.lib winspool.lib shell32.lib ole32.lib oleaut32.lib uuid.lib comdlg32.lib advapi32.lib && cd ."
LINK Pass 1: command "C:\PROGRA~1\MIB055~1\2022\COMMUN~1\VC\Tools\MSVC\1434~1.319\bin\Hostx64\x64\link.exe /nologo CMakeFiles\cmTC_b9ecf.dir\CheckFunctionExists.c.obj /out:cmTC_b9ecf.exe /implib:cmTC_b9ecf.lib /pdb:cmTC_b9ecf.pdb /version:0.0 /machine:x64 /debug /INCREMENTAL /subsystem:console pthreads.lib kernel32.lib user32.lib gdi32.lib winspool.lib shell32.lib ole32.lib oleaut32.lib uuid.lib comdlg32.lib advapi32.lib /MANIFEST /MANIFESTFILE:CMakeFiles\cmTC_b9ecf.dir/intermediate.manifest CMakeFiles\cmTC_b9ecf.dir/manifest.res" failed (exit code 1104) with the following output:
LINK : fatal error LNK1104: impossible d'ouvrir le fichier 'pthreads.lib'
ninja: build stopped: subcommand failed.



Determining if the function pthread_create exists in the pthread failed with the following output:
Change Dir: C:/Users/Nour/Desktop/Travail/M1 DIGISPORT/Génie logiciel/TP2/observer/out/build/x64-Debug/CMakeFiles/CMakeTmp

Run Build Command(s):C:/Program Files/Microsoft Visual Studio/2022/Community/Common7/IDE/CommonExtensions/Microsoft/CMake/Ninja/ninja.exe cmTC_5f700 && [1/2] Building C object CMakeFiles\cmTC_5f700.dir\CheckFunctionExists.c.obj
[2/2] Linking C executable cmTC_5f700.exe
FAILED: cmTC_5f700.exe 
cmd.exe /C "cd . && "C:\Program Files\Microsoft Visual Studio\2022\Community\Common7\IDE\CommonExtensions\Microsoft\CMake\CMake\bin\cmake.exe" -E vs_link_exe --intdir=CMakeFiles\cmTC_5f700.dir --rc=C:\PROGRA~2\WI3CF2~1\10\bin\100220~1.0\x64\rc.exe --mt=C:\PROGRA~2\WI3CF2~1\10\bin\100220~1.0\x64\mt.exe --manifests  -- C:\PROGRA~1\MIB055~1\2022\COMMUN~1\VC\Tools\MSVC\1434~1.319\bin\Hostx64\x64\link.exe /nologo CMakeFiles\cmTC_5f700.dir\CheckFunctionExists.c.obj  /out:cmTC_5f700.exe /implib:cmTC_5f700.lib /pdb:cmTC_5f700.pdb /version:0.0 /machine:x64  /debug /INCREMENTAL /subsystem:console  pthread.lib  kernel32.lib user32.lib gdi32.lib winspool.lib shell32.lib ole32.lib oleaut32.lib uuid.lib comdlg32.lib advapi32.lib && cd ."
LINK Pass 1: command "C:\PROGRA~1\MIB055~1\2022\COMMUN~1\VC\Tools\MSVC\1434~1.319\bin\Hostx64\x64\link.exe /nologo CMakeFiles\cmTC_5f700.dir\CheckFunctionExists.c.obj /out:cmTC_5f700.exe /implib:cmTC_5f700.lib /pdb:cmTC_5f700.pdb /version:0.0 /machine:x64 /debug /INCREMENTAL /subsystem:console pthread.lib kernel32.lib user32.lib gdi32.lib winspool.lib shell32.lib ole32.lib oleaut32.lib uuid.lib comdlg32.lib advapi32.lib /MANIFEST /MANIFESTFILE:CMakeFiles\cmTC_5f700.dir/intermediate.manifest CMakeFiles\cmTC_5f700.dir/manifest.res" failed (exit code 1104) with the following output:
LINK : fatal error LNK1104: impossible d'ouvrir le fichier 'pthread.lib'
ninja: build stopped: subcommand failed.



